2016-01-08 22:38:11,150 - __main__ - ERROR - Bad response when retrieving index: <Response [504]>
2016-01-08 22:38:21,196 - __main__ - ERROR - Bad response when retrieving index: <Response [504]>
2016-01-08 22:38:31,274 - __main__ - ERROR - Bad response when retrieving index: <Response [504]>
2016-01-08 22:38:41,898 - __main__ - ERROR - Bad response when retrieving index: <Response [504]>
2016-01-08 22:38:51,958 - __main__ - ERROR - Bad response when retrieving index: <Response [504]>
2016-01-08 22:39:02,007 - __main__ - ERROR - Bad response when retrieving index: <Response [504]>
2016-01-08 22:39:12,085 - __main__ - ERROR - Bad response when retrieving index: <Response [504]>
2016-01-08 22:39:22,728 - __main__ - ERROR - Bad response when retrieving index: <Response [504]>
2016-01-08 22:39:32,774 - __main__ - ERROR - Bad response when retrieving index: <Response [504]>
2016-01-08 22:39:43,009 - __main__ - ERROR - Bad response when retrieving index: <Response [504]>
2016-01-08 22:39:53,052 - __main__ - ERROR - Bad response when retrieving index: <Response [504]>
2016-01-08 22:40:03,100 - __main__ - ERROR - Bad response when retrieving index: <Response [504]>
2016-01-08 22:40:13,662 - __main__ - ERROR - Bad response when retrieving index: <Response [504]>
2016-01-08 22:40:23,705 - __main__ - ERROR - Bad response when retrieving index: <Response [504]>
2016-01-08 22:40:34,434 - __main__ - ERROR - Bad response when retrieving index: <Response [504]>
2016-01-08 22:40:44,488 - __main__ - ERROR - Bad response when retrieving index: <Response [504]>
2016-01-08 22:40:54,534 - __main__ - ERROR - Bad response when retrieving index: <Response [504]>
2016-01-08 22:41:04,581 - __main__ - ERROR - Bad response when retrieving index: <Response [504]>
2016-01-08 22:41:14,662 - __main__ - ERROR - Bad response when retrieving index: <Response [504]>
2016-01-08 22:41:25,431 - __main__ - ERROR - Bad response when retrieving index: <Response [504]>
2016-01-08 22:41:35,483 - __main__ - ERROR - Bad response when retrieving index: <Response [504]>
2016-01-08 22:41:45,534 - __main__ - ERROR - Bad response when retrieving index: <Response [504]>
2016-01-08 22:41:56,504 - __main__ - ERROR - Bad response when retrieving index: <Response [504]>
2016-01-08 22:42:06,816 - __main__ - ERROR - Bad response when retrieving index: <Response [504]>
2016-01-08 22:42:17,751 - __main__ - ERROR - Bad response when retrieving index: <Response [504]>
2016-01-08 22:42:27,951 - __main__ - ERROR - Bad response when retrieving index: <Response [504]>
2016-01-08 22:42:38,019 - __main__ - ERROR - Bad response when retrieving index: <Response [504]>
2016-01-08 22:42:48,484 - __main__ - ERROR - Bad response when retrieving index: <Response [504]>
2016-01-08 22:42:58,841 - __main__ - ERROR - Bad response when retrieving index: <Response [504]>
2016-01-08 22:43:08,897 - __main__ - ERROR - Bad response when retrieving index: <Response [504]>
2016-01-08 22:43:18,942 - __main__ - ERROR - Bad response when retrieving index: <Response [504]>
2016-01-08 22:43:29,552 - __main__ - ERROR - Bad response when retrieving index: <Response [504]>
2016-01-08 22:43:39,598 - __main__ - ERROR - Bad response when retrieving index: <Response [504]>
2016-01-08 22:43:49,767 - __main__ - ERROR - Bad response when retrieving index: <Response [504]>
2016-01-08 22:43:59,925 - __main__ - ERROR - Bad response when retrieving index: <Response [504]>
2016-01-08 22:44:10,639 - __main__ - ERROR - Bad response when retrieving index: <Response [504]>
2016-01-08 22:44:21,253 - __main__ - ERROR - Bad response when retrieving index: <Response [504]>
2016-01-08 22:44:32,297 - __main__ - ERROR - Bad response when retrieving index: <Response [504]>
2016-01-08 22:44:43,706 - __main__ - ERROR - Bad response when retrieving index: <Response [504]>
2016-01-08 22:44:53,754 - __main__ - ERROR - Bad response when retrieving index: <Response [504]>
2016-01-08 22:45:04,910 - __main__ - ERROR - Bad response when retrieving index: <Response [504]>
2016-01-08 22:45:14,959 - __main__ - ERROR - Bad response when retrieving index: <Response [504]>
2016-01-08 22:45:25,014 - __main__ - ERROR - Bad response when retrieving index: <Response [504]>
2016-01-08 22:45:35,062 - __main__ - ERROR - Bad response when retrieving index: <Response [504]>
2016-01-08 22:45:45,980 - __main__ - ERROR - Bad response when retrieving index: <Response [504]>
2016-01-08 22:45:56,151 - __main__ - ERROR - Bad response when retrieving index: <Response [504]>
2016-01-08 22:46:07,093 - __main__ - ERROR - Bad response when retrieving index: <Response [504]>
2016-01-08 22:46:17,971 - __main__ - ERROR - Bad response when retrieving index: <Response [504]>
2016-01-08 22:46:28,604 - __main__ - ERROR - Bad response when retrieving index: <Response [504]>
2016-01-08 22:46:38,651 - __main__ - ERROR - Bad response when retrieving index: <Response [504]>
2016-01-08 22:46:48,710 - __main__ - ERROR - Bad response when retrieving index: <Response [504]>
2016-01-08 22:46:59,733 - __main__ - ERROR - Bad response when retrieving index: <Response [504]>
2016-01-08 22:47:10,249 - __main__ - ERROR - Bad response when retrieving index: <Response [504]>
2016-01-08 22:47:20,312 - __main__ - ERROR - Bad response when retrieving index: <Response [504]>
2016-01-08 22:47:30,358 - __main__ - ERROR - Bad response when retrieving index: <Response [504]>
2016-01-08 22:47:40,599 - __main__ - ERROR - Bad response when retrieving index: <Response [504]>
2016-01-08 22:47:50,914 - __main__ - ERROR - Bad response when retrieving index: <Response [504]>
2016-01-08 22:51:54,382 - __main__ - ERROR - Bad response when retrieving index: <Response [504]>
2016-01-08 22:52:04,424 - __main__ - ERROR - Bad response when retrieving index: <Response [504]>
2016-01-08 22:52:22,285 - __main__ - ERROR - Bad response when retrieving index: <Response [504]>
2016-01-08 22:52:32,328 - __main__ - ERROR - Bad response when retrieving index: <Response [504]>
2016-01-08 22:52:42,826 - __main__ - ERROR - Bad response when retrieving index: <Response [504]>
2016-01-08 22:52:53,046 - __main__ - ERROR - Bad response when retrieving index: <Response [504]>
2016-01-08 22:53:03,116 - __main__ - ERROR - Bad response when retrieving index: <Response [504]>
2016-01-08 22:53:13,170 - __main__ - ERROR - Bad response when retrieving index: <Response [504]>
2016-01-08 22:53:23,224 - __main__ - ERROR - Bad response when retrieving index: <Response [504]>
2016-01-08 22:53:33,339 - __main__ - ERROR - Bad response when retrieving index: <Response [504]>
2016-01-08 22:53:44,851 - __main__ - ERROR - Bad response when retrieving index: <Response [504]>
2016-01-08 22:53:55,255 - __main__ - ERROR - Bad response when retrieving index: <Response [504]>
2016-01-08 22:54:05,614 - __main__ - ERROR - Bad response when retrieving index: <Response [504]>
2016-01-08 22:54:15,665 - __main__ - ERROR - Bad response when retrieving index: <Response [504]>
2016-01-08 22:54:26,646 - __main__ - ERROR - Bad response when retrieving index: <Response [504]>
2016-01-08 22:54:37,286 - __main__ - ERROR - Bad response when retrieving index: <Response [504]>
2016-01-08 22:54:47,335 - __main__ - ERROR - Bad response when retrieving index: <Response [504]>
2016-01-08 22:54:57,994 - __main__ - ERROR - Bad response when retrieving index: <Response [504]>
2016-01-08 22:55:08,050 - __main__ - ERROR - Bad response when retrieving index: <Response [504]>
2016-01-08 22:55:19,128 - __main__ - ERROR - Bad response when retrieving index: <Response [504]>
2016-01-08 22:55:29,897 - __main__ - ERROR - Bad response when retrieving index: <Response [504]>
2016-01-08 22:55:39,948 - __main__ - ERROR - Bad response when retrieving index: <Response [504]>
2016-01-08 22:55:49,996 - __main__ - ERROR - Bad response when retrieving index: <Response [504]>
2016-01-08 22:56:00,044 - __main__ - ERROR - Bad response when retrieving index: <Response [504]>
2016-01-08 22:56:11,144 - __main__ - ERROR - Bad response when retrieving index: <Response [504]>
2016-01-08 22:56:21,197 - __main__ - ERROR - Bad response when retrieving index: <Response [504]>
2016-01-08 22:56:31,248 - __main__ - ERROR - Bad response when retrieving index: <Response [504]>
2016-01-08 22:56:41,296 - __main__ - ERROR - Bad response when retrieving index: <Response [504]>
2016-01-08 22:56:51,378 - __main__ - ERROR - Bad response when retrieving index: <Response [504]>
2016-01-08 22:57:01,425 - __main__ - ERROR - Bad response when retrieving index: <Response [504]>
2016-01-08 22:57:11,508 - __main__ - ERROR - Bad response when retrieving index: <Response [504]>
2016-01-08 22:57:22,016 - __main__ - ERROR - Bad response when retrieving index: <Response [504]>
2016-01-08 22:57:33,386 - __main__ - ERROR - Bad response when retrieving index: <Response [504]>
2016-01-08 22:57:43,430 - __main__ - ERROR - Bad response when retrieving index: <Response [504]>
2016-01-08 22:57:54,245 - __main__ - ERROR - Bad response when retrieving index: <Response [504]>
2016-01-08 22:58:04,294 - __main__ - ERROR - Bad response when retrieving index: <Response [504]>
2016-01-08 22:58:14,564 - __main__ - ERROR - Bad response when retrieving index: <Response [504]>
2016-01-08 22:58:24,610 - __main__ - ERROR - Bad response when retrieving index: <Response [504]>
2016-01-08 22:58:34,661 - __main__ - ERROR - Bad response when retrieving index: <Response [504]>
2016-01-08 22:58:44,709 - __main__ - ERROR - Bad response when retrieving index: <Response [504]>
2016-01-08 22:58:55,176 - __main__ - ERROR - Bad response when retrieving index: <Response [504]>
2016-01-08 22:59:05,223 - __main__ - ERROR - Bad response when retrieving index: <Response [504]>
2016-01-08 22:59:15,491 - __main__ - ERROR - Bad response when retrieving index: <Response [504]>
2016-01-08 22:59:25,540 - __main__ - ERROR - Bad response when retrieving index: <Response [504]>
2016-01-08 22:59:35,591 - __main__ - ERROR - Bad response when retrieving index: <Response [504]>
2016-01-08 22:59:46,027 - __main__ - ERROR - Bad response when retrieving index: <Response [504]>
2016-01-08 22:59:56,076 - __main__ - ERROR - Bad response when retrieving index: <Response [504]>
2016-01-08 23:00:06,459 - __main__ - ERROR - Bad response when retrieving index: <Response [504]>
2016-01-08 23:00:17,159 - __main__ - ERROR - Bad response when retrieving index: <Response [504]>
2016-01-08 23:00:27,210 - __main__ - ERROR - Bad response when retrieving index: <Response [504]>
2016-01-08 23:00:37,404 - __main__ - ERROR - Bad response when retrieving index: <Response [504]>
2016-01-08 23:00:47,747 - __main__ - ERROR - Bad response when retrieving index: <Response [504]>
2016-01-08 23:00:57,804 - __main__ - ERROR - Bad response when retrieving index: <Response [504]>
2016-01-08 23:01:07,853 - __main__ - ERROR - Bad response when retrieving index: <Response [504]>
2016-01-08 23:01:18,012 - __main__ - ERROR - Bad response when retrieving index: <Response [504]>
2016-01-08 23:01:28,086 - __main__ - ERROR - Bad response when retrieving index: <Response [504]>
2016-01-08 23:01:38,154 - __main__ - ERROR - Bad response when retrieving index: <Response [504]>
2016-01-08 23:01:48,206 - __main__ - ERROR - Bad response when retrieving index: <Response [504]>
2016-01-08 23:01:58,753 - __main__ - ERROR - Bad response when retrieving index: <Response [504]>
2016-01-08 23:02:08,804 - __main__ - ERROR - Bad response when retrieving index: <Response [504]>
2016-01-08 23:02:18,852 - __main__ - ERROR - Bad response when retrieving index: <Response [504]>
2016-01-08 23:02:28,903 - __main__ - ERROR - Bad response when retrieving index: <Response [504]>
2016-01-08 23:02:39,042 - __main__ - ERROR - Bad response when retrieving index: <Response [504]>
2016-01-08 23:02:49,855 - __main__ - ERROR - Bad response when retrieving index: <Response [504]>
2016-01-08 23:02:59,906 - __main__ - ERROR - Bad response when retrieving index: <Response [504]>
2016-01-08 23:03:10,823 - __main__ - ERROR - Bad response when retrieving index: <Response [504]>
2016-01-08 23:03:20,876 - __main__ - ERROR - Bad response when retrieving index: <Response [504]>
2016-01-08 23:03:31,067 - __main__ - ERROR - Bad response when retrieving index: <Response [504]>
2016-01-08 23:03:41,868 - __main__ - ERROR - Bad response when retrieving index: <Response [504]>
2016-01-08 23:03:51,935 - __main__ - ERROR - Bad response when retrieving index: <Response [504]>
2016-01-08 23:04:01,979 - __main__ - ERROR - Bad response when retrieving index: <Response [504]>
2016-01-08 23:04:12,119 - __main__ - ERROR - Bad response when retrieving index: <Response [504]>
2016-01-08 23:04:22,172 - __main__ - ERROR - Bad response when retrieving index: <Response [504]>
2016-01-08 23:09:37,129 - getsignal - INFO - hello hellohello hellohello hellohello hellohello hellohello hellohello hellohello hellohello hellohello hellohello hellohello hellohello hellohello hellohello hello
2016-01-08 23:09:37,129 - getsignal - INFO - hello hellohello hellohello hellohello hellohello hellohello hellohello hellohello hellohello hellohello hellohello hellohello hellohello hellohello hellohello hello
2016-01-08 23:09:37,129 - getsignal - INFO - hello hellohello hellohello hellohello hellohello hellohello hellohello hellohello hellohello hellohello hellohello hellohello hellohello hellohello hellohello hello
2016-01-08 23:09:37,129 - getsignal - INFO - hello hellohello hellohello hellohello hellohello hellohello hellohello hellohello hellohello hellohello hellohello hellohello hellohello hellohello hellohello hello
2016-01-08 23:10:01,317 - getsignal - INFO - Wrote signal 01522a81-b603-4679-9176-bd35d0802a0e
2016-01-08 23:10:25,220 - getsignal - INFO - Wrote signal 4d5e0afa-e694-4765-be6c-b2225a3ddd2d
2016-01-08 23:11:09,943 - getsignal - INFO - Wrote signal 652f15ae-26de-4187-b0ca-05eb51f8160e
2016-01-12 02:00:07,330 - getsignal - ERROR - Bad response when retrieving index: <Response [403]>
2016-01-12 02:03:17,069 - getsignal - ERROR - Bad response when retrieving index: <Response [403]>
2016-01-12 02:07:08,367 - getsignal - ERROR - Bad response when retrieving index: <Response [403]>
2016-01-12 03:07:59,793 - getsignal - INFO - Wrote signal 4927b72b-6af8-4b06-af6d-3639f3eb3a8e
2016-01-12 03:08:51,913 - getsignal - INFO - Wrote signal dc2edeb9-31aa-4fc5-bb67-b09df0e2f371
2016-01-13 02:05:06,968 - getsignal - ERROR - Bad response when retrieving signal https://batsignl.s3.amazonaws.com/signal/161e76f0-4a82-4e2a-8371-8519ece66c40/4927b72b-6af8-4b06-af6d-3639f3eb3a8e: <Response [400]>
2016-01-15 21:02:12,752 - __main__ - ERROR - Bad response when retrieving signal https://batsignl.s3.amazonaws.com/signal/161e76f0-4a82-4e2a-8371-8519ece66c40/168a0f0d-4429-4665-9495-e2b2cd4ce2ac: <Response [400]>
2016-01-15 21:05:11,373 - __main__ - ERROR - Bad response when retrieving signal https://batsignl.s3.amazonaws.com/signal/161e76f0-4a82-4e2a-8371-8519ece66c40/168a0f0d-4429-4665-9495-e2b2cd4ce2ac: <Response [400]>
2016-01-15 21:05:54,302 - __main__ - ERROR - Bad response when retrieving signal https://batsignl.s3.amazonaws.com/signal/161e76f0-4a82-4e2a-8371-8519ece66c40/168a0f0d-4429-4665-9495-e2b2cd4ce2ac: <Response [400]>
2016-01-15 21:14:14,212 - __main__ - ERROR - Bad response when retrieving signal https://batsignl.s3.amazonaws.com/signal/161e76f0-4a82-4e2a-8371-8519ece66c40/168a0f0d-4429-4665-9495-e2b2cd4ce2ac: <Response [400]>
2016-01-15 21:16:27,342 - __main__ - INFO - Wrote signal 168a0f0d-4429-4665-9495-e2b2cd4ce2ac
2016-01-15 21:17:26,850 - __main__ - INFO - Wrote signal 62c3b85b-b382-4290-8692-9aae1a5c9407
2016-01-15 21:20:07,401 - __main__ - INFO - Wrote signal 45146d64-143f-47dd-9b1e-7c352aadcbd2
2016-01-15 21:20:09,058 - __main__ - INFO - Wrote signal 052c4e53-8518-4802-94c7-e567c353be07
2016-01-15 21:20:10,150 - __main__ - INFO - Wrote signal 64d4d9f5-ab53-466e-aea2-a6e417f27fec
2016-01-15 21:21:49,441 - __main__ - INFO - Wrote signal cc356d63-0301-4dd1-8d96-d3f574f01f60
2016-01-15 21:21:49,543 - __main__ - INFO - Wrote signal 35f4787c-d422-491c-ac54-6cc75ae752e2
2016-01-15 21:21:49,634 - __main__ - INFO - Wrote signal 4a5d8d40-2faa-4973-8672-70410a0e8421
2016-01-15 21:40:13,300 - __main__ - INFO - Wrote signal c76b1552-6510-411d-95d6-ab3bae9be215
